<?xml version="1.0" encoding="UTF-8"?>
<coverage generated="1587424829984" clover="3.2.0">
  <project timestamp="1587424829985" name="All files">
    <metrics statements="15" coveredstatements="15" conditionals="13" coveredconditionals="12" methods="6" coveredmethods="6" elements="34" coveredelements="33" complexity="0" loc="15" ncloc="15" packages="1" files="1" classes="1"/>
    <file name="index.ts" path="C:\Personal\Projects\styled-selectors\index.ts">
      <metrics statements="15" coveredstatements="15" conditionals="13" coveredconditionals="12" methods="6" coveredmethods="6"/>
      <line num="8" count="1" type="stmt"/>
      <line num="9" count="15" type="cond" truecount="3" falsecount="0"/>
      <line num="12" count="1" type="stmt"/>
      <line num="13" count="22" type="stmt"/>
      <line num="14" count="22" type="cond" truecount="2" falsecount="0"/>
      <line num="21" count="1" type="stmt"/>
      <line num="24" count="3" type="stmt"/>
      <line num="27" count="3" type="stmt"/>
      <line num="32" count="15" type="cond" truecount="1" falsecount="1"/>
      <line num="33" count="15" type="cond" truecount="2" falsecount="0"/>
      <line num="34" count="11" type="stmt"/>
      <line num="35" count="11" type="stmt"/>
      <line num="37" count="4" type="stmt"/>
      <line num="39" count="14" type="stmt"/>
      <line num="41" count="3" type="stmt"/>
    </file>
  </project>
</coverage>
