<?xml version="1.0" encoding="UTF-8"?>
<coverage generated="1587425968016" clover="3.2.0">
  <project timestamp="1587425968016" name="All files">
    <metrics statements="14" coveredstatements="14" conditionals="13" coveredconditionals="12" methods="6" coveredmethods="6" elements="33" coveredelements="32" complexity="0" loc="14" ncloc="14" packages="1" files="1" classes="1"/>
    <file name="index.ts" path="C:\Personal\Projects\styled-selectors\index.ts">
      <metrics statements="14" coveredstatements="14" conditionals="13" coveredconditionals="12" methods="6" coveredmethods="6"/>
      <line num="8" count="1" type="stmt"/>
      <line num="9" count="20" type="cond" truecount="3" falsecount="0"/>
      <line num="12" count="1" type="stmt"/>
      <line num="13" count="26" type="stmt"/>
      <line num="14" count="26" type="cond" truecount="2" falsecount="0"/>
      <line num="21" count="1" type="stmt"/>
      <line num="24" count="4" type="stmt"/>
      <line num="27" count="4" type="stmt"/>
      <line num="32" count="25" type="cond" truecount="2" falsecount="0"/>
      <line num="33" count="20" type="cond" truecount="2" falsecount="0"/>
      <line num="34" count="15" type="stmt"/>
      <line num="36" count="5" type="stmt"/>
      <line num="38" count="24" type="stmt"/>
      <line num="40" count="4" type="stmt"/>
    </file>
  </project>
</coverage>
