{"C:\\Personal\\Projects\\styled-selectors\\dist\\index.js": {"path":"C:\\Personal\\Projects\\styled-selectors\\dist\\index.js","statementMap":{"0":{"start":{"line":2,"column":21},"end":{"line":8,"column":1}},"1":{"start":{"line":3,"column":4},"end":{"line":3,"column":88}},"2":{"start":{"line":3,"column":17},"end":{"line":3,"column":18}},"3":{"start":{"line":3,"column":24},"end":{"line":3,"column":25}},"4":{"start":{"line":3,"column":32},"end":{"line":3,"column":48}},"5":{"start":{"line":3,"column":63},"end":{"line":3,"column":88}},"6":{"start":{"line":4,"column":4},"end":{"line":6,"column":24}},"7":{"start":{"line":4,"column":17},"end":{"line":4,"column":25}},"8":{"start":{"line":4,"column":31},"end":{"line":4,"column":32}},"9":{"start":{"line":4,"column":38},"end":{"line":4,"column":39}},"10":{"start":{"line":5,"column":8},"end":{"line":6,"column":24}},"11":{"start":{"line":5,"column":21},"end":{"line":5,"column":33}},"12":{"start":{"line":5,"column":39},"end":{"line":5,"column":40}},"13":{"start":{"line":5,"column":47},"end":{"line":5,"column":55}},"14":{"start":{"line":6,"column":12},"end":{"line":6,"column":24}},"15":{"start":{"line":7,"column":4},"end":{"line":7,"column":13}},"16":{"start":{"line":9,"column":0},"end":{"line":9,"column":62}},"17":{"start":{"line":10,"column":17},"end":{"line":12,"column":1}},"18":{"start":{"line":11,"column":4},"end":{"line":11,"column":77}},"19":{"start":{"line":13,"column":23},"end":{"line":15,"column":1}},"20":{"start":{"line":14,"column":4},"end":{"line":14,"column":106}},"21":{"start":{"line":16,"column":24},"end":{"line":18,"column":1}},"22":{"start":{"line":17,"column":4},"end":{"line":17,"column":80}},"23":{"start":{"line":19,"column":0},"end":{"line":28,"column":2}},"24":{"start":{"line":20,"column":14},"end":{"line":20,"column":21}},"25":{"start":{"line":21,"column":4},"end":{"line":23,"column":5}},"26":{"start":{"line":22,"column":8},"end":{"line":22,"column":104}},"27":{"start":{"line":24,"column":4},"end":{"line":26,"column":5}},"28":{"start":{"line":25,"column":8},"end":{"line":25,"column":135}},"29":{"start":{"line":27,"column":4},"end":{"line":27,"column":82}},"30":{"start":{"line":29,"column":14},"end":{"line":43,"column":1}},"31":{"start":{"line":31,"column":8},"end":{"line":33,"column":9}},"32":{"start":{"line":32,"column":12},"end":{"line":32,"column":133}},"33":{"start":{"line":32,"column":47},"end":{"line":32,"column":130}},"34":{"start":{"line":34,"column":8},"end":{"line":36,"column":9}},"35":{"start":{"line":35,"column":12},"end":{"line":35,"column":74}},"36":{"start":{"line":37,"column":8},"end":{"line":39,"column":9}},"37":{"start":{"line":38,"column":12},"end":{"line":38,"column":75}},"38":{"start":{"line":40,"column":8},"end":{"line":40,"column":42}},"39":{"start":{"line":42,"column":4},"end":{"line":42,"column":18}},"40":{"start":{"line":44,"column":0},"end":{"line":44,"column":70}},"41":{"start":{"line":44,"column":37},"end":{"line":44,"column":67}}},"fnMap":{"0":{"name":"(anonymous_0)","decl":{"start":{"line":2,"column":54},"end":{"line":2,"column":55}},"loc":{"start":{"line":2,"column":66},"end":{"line":8,"column":1}},"line":2},"1":{"name":"(anonymous_1)","decl":{"start":{"line":10,"column":17},"end":{"line":10,"column":18}},"loc":{"start":{"line":10,"column":34},"end":{"line":12,"column":1}},"line":10},"2":{"name":"(anonymous_2)","decl":{"start":{"line":13,"column":23},"end":{"line":13,"column":24}},"loc":{"start":{"line":13,"column":40},"end":{"line":15,"column":1}},"line":13},"3":{"name":"(anonymous_3)","decl":{"start":{"line":16,"column":24},"end":{"line":16,"column":25}},"loc":{"start":{"line":16,"column":41},"end":{"line":18,"column":1}},"line":16},"4":{"name":"(anonymous_4)","decl":{"start":{"line":19,"column":17},"end":{"line":19,"column":18}},"loc":{"start":{"line":19,"column":38},"end":{"line":28,"column":1}},"line":19},"5":{"name":"(anonymous_5)","decl":{"start":{"line":29,"column":14},"end":{"line":29,"column":15}},"loc":{"start":{"line":29,"column":47},"end":{"line":43,"column":1}},"line":29},"6":{"name":"select","decl":{"start":{"line":30,"column":13},"end":{"line":30,"column":19}},"loc":{"start":{"line":30,"column":26},"end":{"line":41,"column":5}},"line":30},"7":{"name":"(anonymous_7)","decl":{"start":{"line":32,"column":19},"end":{"line":32,"column":20}},"loc":{"start":{"line":32,"column":45},"end":{"line":32,"column":132}},"line":32},"8":{"name":"(anonymous_8)","decl":{"start":{"line":44,"column":23},"end":{"line":44,"column":24}},"loc":{"start":{"line":44,"column":35},"end":{"line":44,"column":69}},"line":44}},"branchMap":{"0":{"loc":{"start":{"line":2,"column":21},"end":{"line":8,"column":1}},"type":"binary-expr","locations":[{"start":{"line":2,"column":22},"end":{"line":2,"column":26}},{"start":{"line":2,"column":30},"end":{"line":2,"column":49}},{"start":{"line":2,"column":54},"end":{"line":8,"column":1}}],"line":2},"1":{"loc":{"start":{"line":11,"column":11},"end":{"line":11,"column":76}},"type":"binary-expr","locations":[{"start":{"line":11,"column":11},"end":{"line":11,"column":16}},{"start":{"line":11,"column":20},"end":{"line":11,"column":47}},{"start":{"line":11,"column":51},"end":{"line":11,"column":61}},{"start":{"line":11,"column":65},"end":{"line":11,"column":76}}],"line":11},"2":{"loc":{"start":{"line":14,"column":11},"end":{"line":14,"column":105}},"type":"binary-expr","locations":[{"start":{"line":14,"column":11},"end":{"line":14,"column":16}},{"start":{"line":14,"column":21},"end":{"line":14,"column":46}},{"start":{"line":14,"column":50},"end":{"line":14,"column":75}},{"start":{"line":14,"column":79},"end":{"line":14,"column":104}}],"line":14},"3":{"loc":{"start":{"line":17,"column":11},"end":{"line":17,"column":79}},"type":"binary-expr","locations":[{"start":{"line":17,"column":11},"end":{"line":17,"column":16}},{"start":{"line":17,"column":20},"end":{"line":17,"column":45}},{"start":{"line":17,"column":49},"end":{"line":17,"column":79}}],"line":17},"4":{"loc":{"start":{"line":21,"column":4},"end":{"line":23,"column":5}},"type":"if","locations":[{"start":{"line":21,"column":4},"end":{"line":23,"column":5}},{"start":{"line":21,"column":4},"end":{"line":23,"column":5}}],"line":21},"5":{"loc":{"start":{"line":21,"column":8},"end":{"line":21,"column":39}},"type":"binary-expr","locations":[{"start":{"line":21,"column":8},"end":{"line":21,"column":12}},{"start":{"line":21,"column":16},"end":{"line":21,"column":39}}],"line":21},"6":{"loc":{"start":{"line":24,"column":4},"end":{"line":26,"column":5}},"type":"if","locations":[{"start":{"line":24,"column":4},"end":{"line":26,"column":5}},{"start":{"line":24,"column":4},"end":{"line":26,"column":5}}],"line":24},"7":{"loc":{"start":{"line":27,"column":11},"end":{"line":27,"column":81}},"type":"cond-expr","locations":[{"start":{"line":27,"column":31},"end":{"line":27,"column":39}},{"start":{"line":27,"column":42},"end":{"line":27,"column":81}}],"line":27},"8":{"loc":{"start":{"line":31,"column":8},"end":{"line":33,"column":9}},"type":"if","locations":[{"start":{"line":31,"column":8},"end":{"line":33,"column":9}},{"start":{"line":31,"column":8},"end":{"line":33,"column":9}}],"line":31},"9":{"loc":{"start":{"line":34,"column":8},"end":{"line":36,"column":9}},"type":"if","locations":[{"start":{"line":34,"column":8},"end":{"line":36,"column":9}},{"start":{"line":34,"column":8},"end":{"line":36,"column":9}}],"line":34},"10":{"loc":{"start":{"line":37,"column":8},"end":{"line":39,"column":9}},"type":"if","locations":[{"start":{"line":37,"column":8},"end":{"line":39,"column":9}},{"start":{"line":37,"column":8},"end":{"line":39,"column":9}}],"line":37}},"s":{"0":1,"1":35,"2":35,"3":35,"4":35,"5":70,"6":35,"7":35,"8":35,"9":35,"10":70,"11":70,"12":70,"13":70,"14":120,"15":35,"16":1,"17":1,"18":52,"19":1,"20":45,"21":1,"22":10,"23":1,"24":58,"25":58,"26":1,"27":57,"28":1,"29":56,"30":1,"31":52,"32":7,"33":7,"34":45,"35":35,"36":10,"37":4,"38":6,"39":40,"40":1,"41":1},"f":{"0":35,"1":52,"2":45,"3":10,"4":58,"5":40,"6":52,"7":7,"8":1},"b":{"0":[1,1,1],"1":[52,52,7,7],"2":[45,45,42,10],"3":[10,10,10],"4":[1,57],"5":[58,57],"6":[1,56],"7":[13,43],"8":[7,45],"9":[35,10],"10":[4,6]},"_coverageSchema":"1a1c01bbd47fc00a2c39e90264f33305004495a9","hash":"43604a5060d199dba14bce182167e7261093c668"}
}
