{"C:\\Personal\\Projects\\styled-selectors\\index.ts": {"path":"C:\\Personal\\Projects\\styled-selectors\\index.ts","statementMap":{"0":{"start":{"line":15,"column":19},"end":{"line":17,"column":1}},"1":{"start":{"line":16,"column":4},"end":{"line":16,"column":null}},"2":{"start":{"line":19,"column":25},"end":{"line":25,"column":1}},"3":{"start":{"line":20,"column":4},"end":{"line":24,"column":null}},"4":{"start":{"line":27,"column":15},"end":{"line":34,"column":1}},"5":{"start":{"line":28,"column":16},"end":{"line":28,"column":23}},"6":{"start":{"line":29,"column":4},"end":{"line":33,"column":null}},"7":{"start":{"line":36,"column":13},"end":{"line":58,"column":null}},"8":{"start":{"line":36,"column":49},"end":{"line":58,"column":null}},"9":{"start":{"line":39,"column":24},"end":{"line":39,"column":38}},"10":{"start":{"line":42,"column":20},"end":{"line":56,"column":5}},"11":{"start":{"line":47,"column":12},"end":{"line":49,"column":null}},"12":{"start":{"line":48,"column":16},"end":{"line":48,"column":null}},"13":{"start":{"line":48,"column":41},"end":{"line":48,"column":null}},"14":{"start":{"line":50,"column":12},"end":{"line":52,"column":null}},"15":{"start":{"line":51,"column":16},"end":{"line":51,"column":null}},"16":{"start":{"line":53,"column":12},"end":{"line":53,"column":null}},"17":{"start":{"line":55,"column":8},"end":{"line":55,"column":null}},"18":{"start":{"line":57,"column":4},"end":{"line":57,"column":null}},"19":{"start":{"line":60,"column":14},"end":{"line":81,"column":2}}},"fnMap":{"0":{"name":"(anonymous_1)","decl":{"start":{"line":15,"column":19},"end":{"line":15,"column":23}},"loc":{"start":{"line":15,"column":33},"end":{"line":17,"column":1}}},"1":{"name":"(anonymous_2)","decl":{"start":{"line":19,"column":25},"end":{"line":19,"column":29}},"loc":{"start":{"line":19,"column":39},"end":{"line":25,"column":1}}},"2":{"name":"(anonymous_3)","decl":{"start":{"line":27,"column":15},"end":{"line":27,"column":19}},"loc":{"start":{"line":27,"column":38},"end":{"line":34,"column":1}}},"3":{"name":"(anonymous_4)","decl":{"start":{"line":36,"column":20},"end":{"line":36,"column":49}},"loc":{"start":{"line":36,"column":20},"end":{"line":36,"column":null}}},"4":{"name":"(anonymous_5)","decl":{"start":{"line":36,"column":49},"end":{"line":36,"column":null}},"loc":{"start":{"line":37,"column":10},"end":{"line":58,"column":1}}},"5":{"name":"(anonymous_6)","decl":{"start":{"line":42,"column":20},"end":{"line":42,"column":24}},"loc":{"start":{"line":42,"column":35},"end":{"line":56,"column":5}}},"6":{"name":"select","decl":{"start":{"line":46,"column":17},"end":{"line":46,"column":23}},"loc":{"start":{"line":46,"column":58},"end":{"line":54,"column":9}}},"7":{"name":"(anonymous_8)","decl":{"start":{"line":48,"column":23},"end":{"line":48,"column":24}},"loc":{"start":{"line":48,"column":36},"end":{"line":48,"column":45}}}},"branchMap":{"0":{"loc":{"start":{"line":16,"column":11},"end":{"line":16,"column":16}},"type":"binary-expr","locations":[{"start":{"line":16,"column":11},"end":{"line":16,"column":16}},{"start":{"line":16,"column":20},"end":{"line":16,"column":47}}]},"1":{"loc":{"start":{"line":20,"column":11},"end":{"line":20,"column":16}},"type":"binary-expr","locations":[{"start":{"line":20,"column":11},"end":{"line":20,"column":16}},{"start":{"line":21,"column":6},"end":{"line":21,"column":31}},{"start":{"line":22,"column":9},"end":{"line":22,"column":34}},{"start":{"line":23,"column":9},"end":{"line":23,"column":34}}]},"2":{"loc":{"start":{"line":30,"column":10},"end":{"line":32,"column":45}},"type":"cond-expr","locations":[{"start":{"line":30,"column":10},"end":{"line":32,"column":45}},{"start":{"line":33,"column":10},"end":{"line":33,"column":13}}]},"3":{"loc":{"start":{"line":29,"column":11},"end":{"line":29,"column":14}},"type":"binary-expr","locations":[{"start":{"line":29,"column":11},"end":{"line":29,"column":14}},{"start":{"line":29,"column":18},"end":{"line":29,"column":21}}]},"4":{"loc":{"start":{"line":31,"column":14},"end":{"line":31,"column":22}},"type":"cond-expr","locations":[{"start":{"line":31,"column":14},"end":{"line":31,"column":22}},{"start":{"line":32,"column":14},"end":{"line":32,"column":45}}]},"5":{"loc":{"start":{"line":47,"column":12},"end":{"line":49,"column":null}},"type":"if","locations":[{"start":{"line":47,"column":12},"end":{"line":49,"column":null}},{"start":{"line":47,"column":12},"end":{"line":49,"column":null}}]},"6":{"loc":{"start":{"line":50,"column":12},"end":{"line":52,"column":null}},"type":"if","locations":[{"start":{"line":50,"column":12},"end":{"line":52,"column":null}},{"start":{"line":50,"column":12},"end":{"line":52,"column":null}}]}},"s":{"0":1,"1":22,"2":1,"3":20,"4":1,"5":30,"6":30,"7":1,"8":1,"9":6,"10":6,"11":22,"12":2,"13":2,"14":20,"15":15,"16":5,"17":21,"18":6,"19":1},"f":{"0":22,"1":20,"2":30,"3":1,"4":6,"5":21,"6":22,"7":2},"b":{"0":[22,22],"1":[20,20,17,5],"2":[30,0],"3":[30,30],"4":[7,23],"5":[2,20],"6":[15,5]}}
}
