TN:
SF:index.ts
FN:15,(anonymous_1)
FN:19,(anonymous_2)
FN:27,(anonymous_3)
FN:36,(anonymous_4)
FN:36,(anonymous_5)
FN:42,(anonymous_6)
FN:46,select
FN:48,(anonymous_8)
FNF:8
FNH:8
FNDA:22,(anonymous_1)
FNDA:20,(anonymous_2)
FNDA:30,(anonymous_3)
FNDA:1,(anonymous_4)
FNDA:6,(anonymous_5)
FNDA:21,(anonymous_6)
FNDA:22,select
FNDA:2,(anonymous_8)
DA:15,1
DA:16,22
DA:19,1
DA:20,20
DA:27,1
DA:28,30
DA:29,30
DA:36,1
DA:39,6
DA:42,6
DA:47,22
DA:48,2
DA:50,20
DA:51,15
DA:53,5
DA:55,21
DA:57,6
DA:60,1
LF:18
LH:18
BRDA:16,0,0,22
BRDA:16,0,1,22
BRDA:20,1,0,20
BRDA:20,1,1,20
BRDA:20,1,2,17
BRDA:20,1,3,5
BRDA:30,2,0,30
BRDA:30,2,1,0
BRDA:29,3,0,30
BRDA:29,3,1,30
BRDA:31,4,0,7
BRDA:31,4,1,23
BRDA:47,5,0,2
BRDA:47,5,1,20
BRDA:50,6,0,15
BRDA:50,6,1,5
BRF:16
BRH:15
end_of_record
