TN:
SF:index.ts
FN:19,(anonymous_1)
FN:23,(anonymous_2)
FN:32,(anonymous_3)
FN:62,(anonymous_4)
FN:68,select
FN:70,(anonymous_6)
FN:81,(anonymous_7)
FNF:7
FNH:7
FNDA:32,(anonymous_1)
FNDA:29,(anonymous_2)
FNDA:38,(anonymous_3)
FNDA:25,(anonymous_4)
FNDA:32,select
FNDA:3,(anonymous_6)
FNDA:1,(anonymous_7)
DA:19,1
DA:20,32
DA:23,1
DA:24,29
DA:32,1
DA:33,38
DA:35,38
DA:36,1
DA:41,37
DA:42,1
DA:49,36
DA:62,1
DA:69,32
DA:70,3
DA:71,3
DA:73,29
DA:74,24
DA:76,5
DA:78,25
DA:81,1
DA:84,1
LF:21
LH:21
BRDA:20,0,0,32
BRDA:20,0,1,32
BRDA:20,0,2,3
BRDA:20,0,3,3
BRDA:25,1,0,29
BRDA:25,1,1,29
BRDA:25,1,2,26
BRDA:25,1,3,5
BRDA:35,2,0,1
BRDA:35,2,1,37
BRDA:35,3,0,38
BRDA:35,3,1,37
BRDA:41,4,0,1
BRDA:41,4,1,36
BRDA:49,5,0,8
BRDA:49,5,1,28
BRDA:69,6,0,3
BRDA:69,6,1,29
BRDA:73,7,0,24
BRDA:73,7,1,5
BRF:20
BRH:20
end_of_record
